\BOOKMARK [1][]{section.1}{\376\377\000I\000n\000t\000r\000o\000d\000u\000c\000t\000i\000o\000n}{}% 1
\BOOKMARK [1][]{section.2}{\376\377\000R\000e\000l\000a\000t\000e\000d\000\040\000W\000o\000r\000k\000s}{}% 2
\BOOKMARK [1][]{section.3}{\376\377\000D\000e\000s\000c\000r\000i\000p\000t\000i\000o\000n\000\040\000o\000f\000\040\000t\000h\000e\000\040\000T\000e\000n\000s\000o\000r\000\040\000S\000e\000n\000s\000i\000n\000g\000\040\000P\000r\000o\000b\000l\000e\000m}{}% 3
\BOOKMARK [2][]{subsection.3.1}{\376\377\000A\000l\000t\000-\000M\000i\000n\000\040\000A\000l\000g\000o\000r\000i\000t\000h\000m}{section.3}% 4
\BOOKMARK [2][]{subsection.3.2}{\376\377\000I\000m\000p\000l\000e\000m\000e\000n\000t\000a\000t\000i\000o\000n\000\040\000o\000f\000\040\000t\000h\000e\000\040\000T\000e\000n\000s\000o\000r\000\040\000S\000e\000n\000s\000i\000n\000g\000\040\000o\000n\000\040\000C\000P\000U}{section.3}% 5
\BOOKMARK [1][]{section.4}{\376\377\000T\000h\000e\000\040\000I\000m\000p\000l\000e\000m\000e\000n\000t\000a\000t\000i\000o\000n\000\040\000a\000n\000d\000\040\000O\000p\000t\000i\000m\000i\000z\000a\000t\000i\000o\000n\000\040\000o\000f\000\040\000E\000f\000f\000i\000c\000i\000e\000n\000t\000\040\000G\000P\000U\000\040\000T\000e\000n\000s\000o\000r\000\040\000S\000e\000n\000s\000i\000n\000g}{}% 6
\BOOKMARK [2][]{subsection.4.1}{\376\377\000D\000e\000s\000i\000g\000n\000\040\000a\000n\000d\000\040\000I\000m\000p\000l\000e\000m\000e\000n\000t\000a\000t\000i\000o\000n\000\040\000o\000f\000\040\000t\000h\000e\000\040\000G\000P\000U\000\040\000T\000e\000n\000s\000o\000r\000\040\000S\000e\000n\000s\000i\000n\000g}{section.4}% 7
\BOOKMARK [3][]{subsubsection.4.1.1}{\376\377\000D\000a\000t\000a\000\040\000S\000t\000r\000u\000c\000t}{subsection.4.1}% 8
\BOOKMARK [3][]{subsubsection.4.1.2}{\376\377\000M\000u\000l\000t\000i\000p\000l\000y\000\040\000o\000f\000\040\000B\000l\000o\000c\000k\000\040\000D\000i\000a\000g\000o\000n\000a\000l\000\040\000M\000a\000t\000r\000i\000c\000e\000s}{subsection.4.1}% 9
\BOOKMARK [3][]{subsubsection.4.1.3}{\376\377\000E\000l\000i\000m\000i\000n\000a\000t\000i\000n\000g\000\040\000E\000x\000p\000l\000i\000c\000i\000t\000\040\000T\000r\000a\000n\000s\000p\000o\000s\000e\000\040\000O\000p\000e\000r\000a\000t\000i\000o\000n\000s}{subsection.4.1}% 10
\BOOKMARK [3][]{subsubsection.4.1.4}{\376\377\000L\000e\000a\000s\000t\000\040\000S\000q\000u\000a\000r\000e\000s\000\040\000M\000i\000n\000i\000m\000i\000z\000a\000t\000i\000o\000n}{subsection.4.1}% 11
\BOOKMARK [2][]{subsection.4.2}{\376\377\000O\000p\000t\000i\000m\000i\000z\000a\000t\000i\000o\000n\000s\000\040\000o\000f\000\040\000t\000h\000e\000\040\000G\000P\000U\000\040\000T\000e\000n\000s\000o\000r\000\040\000S\000e\000n\000s\000i\000n\000g}{section.4}% 12
\BOOKMARK [1][]{section.5}{\376\377\000E\000x\000p\000e\000r\000i\000m\000e\000n\000t\000\040\000M\000e\000t\000h\000o\000d\000o\000l\000o\000g\000y}{}% 13
\BOOKMARK [2][]{subsection.5.1}{\376\377\000H\000a\000r\000d\000w\000a\000r\000e\000\040\000a\000n\000d\000\040\000S\000o\000f\000t\000w\000a\000r\000e\000\040\000P\000l\000a\000t\000f\000o\000r\000m}{section.5}% 14
\BOOKMARK [2][]{subsection.5.2}{\376\377\000T\000e\000s\000t\000i\000n\000g\000\040\000D\000a\000t\000a}{section.5}% 15
\BOOKMARK [2][]{subsection.5.3}{\376\377\000T\000e\000s\000t\000i\000n\000g\000\040\000P\000r\000o\000c\000e\000s\000s}{section.5}% 16
\BOOKMARK [2][]{subsection.5.4}{\376\377\000C\000o\000m\000p\000a\000r\000i\000s\000o\000n\000\040\000M\000e\000t\000r\000i\000c\000s}{section.5}% 17
\BOOKMARK [1][]{section.6}{\376\377\000R\000e\000s\000u\000l\000t\000s\000\040\000a\000n\000d\000\040\000A\000n\000a\000l\000y\000s\000i\000s}{}% 18
\BOOKMARK [2][]{subsection.6.1}{\376\377\000R\000u\000n\000n\000i\000n\000g\000\040\000T\000i\000m\000e\000\040\000o\000f\000\040\000S\000y\000n\000t\000h\000e\000t\000i\000c\000\040\000D\000a\000t\000a}{section.6}% 19
\BOOKMARK [2][]{subsection.6.2}{\376\377\000E\000r\000r\000o\000r\000\040\000R\000a\000t\000e\000\040\000a\000n\000d\000\040\000R\000u\000n\000n\000i\000n\000g\000\040\000T\000i\000m\000e\000\040\000o\000f\000\040\000G\000r\000o\000u\000n\000d\000-\000t\000r\000u\000t\000h\000\040\000D\000a\000t\000a}{section.6}% 20
\BOOKMARK [1][]{section.7}{\376\377\000C\000o\000n\000c\000l\000u\000s\000i\000o\000n\000s}{}% 21
\BOOKMARK [1][]{section.7}{\376\377\000R\000e\000f\000e\000r\000e\000n\000c\000e\000s}{}% 22
